STARTED: session 3 started

Completing order 1
Failed to process order: Request Got Lost Error
Getting next order...
Completing order 2
Failed to process order: Server Out Of Ink Error
Getting next order...
Completing order 3
Order complete
Getting next order...
Completing order 4
Order complete
Getting next order...
Completing order 5
Failed to process order: My Dog Ate My Server Error
Getting next order...
Completing order 6
Order complete
Getting next order...
Completing order 7
Failed to process order: Expected Server Error
Getting next order...
Completing order 8
Failed to process order: Request Got Lost Error
Getting next order...
Completing order 9
Failed to process order: External Server Error
Getting next order...
Completing order 10
Order complete
Getting next order...
Completing order 11
Order complete
Getting next order...
Completing order 12
Order complete
Getting next order...
Completing order 13
Order complete
Getting next order...
Completing order 14
Failed to process order: Guess what? A server Error!
Getting next order...
Completing order 15
Failed to process order: Internal Server Error
Getting next order...
Completing order 16
Order complete
Getting next order...
Completing order 17
Failed to process order: Submit Button Stuck Error
Getting next order...
Completing order 18
Failed to process order: Bear In Server Room Error
Getting next order...
Completing order 19
Order complete
Getting next order...
Completing order 20
Order complete
Getting next order...
all orders complete

COMPLETED: all tasks completed
